<?xml version="1.0" encoding="UTF-8"?>
<testng-results ignored="0" total="1" passed="1" failed="0" skipped="0">
  <reporter-output>
  </reporter-output>
  <suite started-at="2023-11-09T20:36:36Z" name="Default suite" finished-at="2023-11-09T20:36:41Z" duration-ms="5295">
    <groups>
    </groups>
    <test started-at="2023-11-09T20:36:36Z" name="Default test" finished-at="2023-11-09T20:36:41Z" duration-ms="5295">
      <class name="Tests.correctLoginTest">
        <test-method is-config="true" signature="setUp()[pri:0, instance:Tests.correctLoginTest@33bc72d1]" started-at="2023-11-09T15:36:35Z" name="setUp" finished-at="2023-11-09T15:36:36Z" duration-ms="963" status="PASS">
          <reporter-output>
          </reporter-output>
        </test-method> <!-- setUp -->
        <test-method is-config="true" signature="initialiseObjects()[pri:0, instance:Tests.correctLoginTest@33bc72d1]" started-at="2023-11-09T15:36:36Z" name="initialiseObjects" finished-at="2023-11-09T15:36:38Z" duration-ms="2172" status="PASS">
          <reporter-output>
          </reporter-output>
        </test-method> <!-- initialiseObjects -->
        <test-method signature="correctLogin_Test(java.util.Map)[pri:0, instance:Tests.correctLoginTest@33bc72d1]" started-at="2023-11-09T15:36:38Z" name="correctLogin_Test" data-provider="loginInfo" finished-at="2023-11-09T15:36:41Z" duration-ms="2930" status="PASS">
          <params>
            <param index="0">
              <value>
                <![CDATA[{password=12345633, username=JohnAdams3@gmail.com}]]>
              </value>
            </param>
          </params>
          <reporter-output>
          </reporter-output>
        </test-method> <!-- correctLogin_Test -->
      </class> <!-- Tests.correctLoginTest -->
    </test> <!-- Default test -->
  </suite> <!-- Default suite -->
</testng-results>
